[01m[K/home/ram-user/Desktop/rosProject/src/visualization_package/src/SDL2_UI.cpp:39:1:[m[K [01;31m[Kerror: [m[Kexpected declaration before â€˜[01m[K}[m[Kâ€™ token
   39 | [01;31m[K}[m[K
      | [01;31m[K^[m[K
gmake[2]: *** [CMakeFiles/visualization_package.dir/build.make:90: CMakeFiles/visualization_package.dir/src/SDL2_UI.cpp.o] Error 1
gmake[2]: *** Waiting for unfinished jobs....
gmake[1]: *** [CMakeFiles/Makefile2:137: CMakeFiles/visualization_package.dir/all] Error 2
gmake: *** [Makefile:146: all] Error 2
