-- The C compiler identification is GNU 11.3.0
-- The CXX compiler identification is GNU 11.3.0
-- Detecting C compiler ABI info
-- Detecting C compiler ABI info - done
-- Check for working C compiler: /usr/bin/cc - skipped
-- Detecting C compile features
-- Detecting C compile features - done
-- Detecting CXX compiler ABI info
-- Detecting CXX compiler ABI info - done
-- Check for working CXX compiler: /usr/bin/c++ - skipped
-- Detecting CXX compile features
-- Detecting CXX compile features - done
-- Found ament_cmake: 1.3.3 (/opt/ros/humble/share/ament_cmake/cmake)
-- Found Python3: /usr/bin/python3.10 (found version "3.10.6") found components: Interpreter 
-- Found rclcpp: 16.0.3 (/opt/ros/humble/share/rclcpp/cmake)
-- Found rosidl_generator_c: 3.1.4 (/opt/ros/humble/share/rosidl_generator_c/cmake)
-- Found rosidl_adapter: 3.1.4 (/opt/ros/humble/share/rosidl_adapter/cmake)
-- Found rosidl_generator_cpp: 3.1.4 (/opt/ros/humble/share/rosidl_generator_cpp/cmake)
-- Using all available rosidl_typesupport_c: rosidl_typesupport_fastrtps_c;rosidl_typesupport_introspection_c
-- Using all available rosidl_typesupport_cpp: rosidl_typesupport_fastrtps_cpp;rosidl_typesupport_introspection_cpp
-- Found rmw_implementation_cmake: 6.1.1 (/opt/ros/humble/share/rmw_implementation_cmake/cmake)
-- Found rmw_fastrtps_cpp: 6.2.2 (/opt/ros/humble/share/rmw_fastrtps_cpp/cmake)
-- Found OpenSSL: /usr/lib/x86_64-linux-gnu/libcrypto.so (found version "3.0.2")  
-- Found FastRTPS: /opt/ros/humble/include  
-- Using RMW implementation 'rmw_fastrtps_cpp' as default
-- Looking for pthread.h
-- Looking for pthread.h - found
-- Performing Test CMAKE_HAVE_LIBC_PTHREAD
-- Performing Test CMAKE_HAVE_LIBC_PTHREAD - Success
-- Found Threads: TRUE  
-- Found tutorial_interfaces: 0.0.0 (/home/ram-user/Desktop/rosProject/install/tutorial_interfaces/share/tutorial_interfaces/cmake)
-- Found ament_lint_auto: 0.12.5 (/opt/ros/humble/share/ament_lint_auto/cmake)
-- Added test 'cppcheck' to perform static code analysis on C / C++ code
-- Configured cppcheck include dirs: $<BUILD_INTERFACE:/home/ram-user/Desktop/rosProject/src/visualization_package/include>
-- Configured cppcheck exclude dirs and/or files: 
-- Added test 'lint_cmake' to check CMake code style
-- Added test 'uncrustify' to check C / C++ code style
-- Configured uncrustify additional arguments: 
-- Added test 'xmllint' to check XML markup files
-- Configuring done
-- Generating done
-- Build files have been written to: /home/ram-user/Desktop/rosProject/build/visualization_package
[35m[1mConsolidate compiler generated dependencies of target visualization_package[0m
[ 25%] [32mBuilding CXX object CMakeFiles/visualization_package.dir/src/my_node.cpp.o[0m
In file included from [01m[K/home/ram-user/Desktop/rosProject/src/visualization_package/src/my_node.cpp:6[m[K:
[01m[K/home/ram-user/Desktop/rosProject/src/visualization_package/src/../include/Pong_field.h:8:30:[m[K [01;31m[Kerror: [m[Kin-class initialization of static data member â€˜[01m[Kconst string Pong_field::WINDOW_TITLE[m[Kâ€™ of non-literal type
    8 |     static const std::string [01;31m[KWINDOW_TITLE[m[K = "SDfR-CBL - Pong Game in ROS 2";
      |                              [01;31m[K^~~~~~~~~~~~[m[K
[01m[K/home/ram-user/Desktop/rosProject/src/visualization_package/src/../include/Pong_field.h:8:45:[m[K [01;31m[Kerror: [m[Ktemporary of non-literal type â€˜[01m[Kconst string[m[Kâ€™ {aka â€˜[01m[Kconst std::__cxx11::basic_string<char>[m[Kâ€™} in a constant expression
    8 |     static const std::string WINDOW_TITLE = [01;31m[K"SDfR-CBL - Pong Game in ROS 2"[m[K;
      |                                             [01;31m[K^~~~~~~~~~~~~~~~~~~~~~~~~~~~~~~[m[K
In file included from [01m[K/usr/include/c++/11/string:55[m[K,
                 from [01m[K/usr/include/c++/11/bits/locale_classes.h:40[m[K,
                 from [01m[K/usr/include/c++/11/bits/ios_base.h:41[m[K,
                 from [01m[K/usr/include/c++/11/ios:42[m[K,
                 from [01m[K/usr/include/c++/11/ostream:38[m[K,
                 from [01m[K/usr/include/c++/11/iostream:39[m[K,
                 from [01m[K/home/ram-user/Desktop/rosProject/src/visualization_package/src/my_node.cpp:2[m[K:
[01m[K/usr/include/c++/11/bits/basic_string.h:85:11:[m[K [01;36m[Knote: [m[Kâ€˜[01m[Kstd::__cxx11::basic_string<char>[m[Kâ€™ is not literal because:
   85 |     class [01;36m[Kbasic_string[m[K
      |           [01;36m[K^~~~~~~~~~~~[m[K
[01m[K/usr/include/c++/11/bits/basic_string.h:85:11:[m[K [01;36m[Knote: [m[K  â€˜[01m[Kstd::__cxx11::basic_string<char>[m[Kâ€™ has a non-trivial destructor
gmake[2]: *** [CMakeFiles/visualization_package.dir/build.make:76: CMakeFiles/visualization_package.dir/src/my_node.cpp.o] Error 1
gmake[1]: *** [CMakeFiles/Makefile2:137: CMakeFiles/visualization_package.dir/all] Error 2
gmake: *** [Makefile:146: all] Error 2
