[0.041s] Invoking command in '/home/ram-user/Desktop/rosProject/build/visualization_package': AMENT_PREFIX_PATH=/home/ram-user/Desktop/rosProject/install/tutorial_interfaces:${AMENT_PREFIX_PATH} CMAKE_PREFIX_PATH=/home/ram-user/Desktop/rosProject/install/tutorial_interfaces:/opt/ros/humble LD_LIBRARY_PATH=/home/ram-user/Desktop/rosProject/install/tutorial_interfaces/lib:${LD_LIBRARY_PATH} PYTHONPATH=/home/ram-user/Desktop/rosProject/install/tutorial_interfaces/local/lib/python3.10/dist-packages:${PYTHONPATH} /usr/bin/cmake /home/ram-user/Desktop/rosProject/src/visualization_package -DCMAKE_INSTALL_PREFIX=/home/ram-user/Desktop/rosProject/install/visualization_package
[0.197s] -- The C compiler identification is GNU 11.3.0
[0.283s] -- The CXX compiler identification is GNU 11.3.0
[0.293s] -- Detecting C compiler ABI info
[0.432s] -- Detecting C compiler ABI info - done
[0.444s] -- Check for working C compiler: /usr/bin/cc - skipped
[0.445s] -- Detecting C compile features
[0.445s] -- Detecting C compile features - done
[0.449s] -- Detecting CXX compiler ABI info
[0.571s] -- Detecting CXX compiler ABI info - done
[0.578s] -- Check for working CXX compiler: /usr/bin/c++ - skipped
[0.578s] -- Detecting CXX compile features
[0.579s] -- Detecting CXX compile features - done
[0.582s] -- Found ament_cmake: 1.3.3 (/opt/ros/humble/share/ament_cmake/cmake)
[0.820s] -- Found Python3: /usr/bin/python3.10 (found version "3.10.6") found components: Interpreter 
[0.934s] -- Found rclcpp: 16.0.3 (/opt/ros/humble/share/rclcpp/cmake)
[0.991s] -- Found rosidl_generator_c: 3.1.4 (/opt/ros/humble/share/rosidl_generator_c/cmake)
[0.997s] -- Found rosidl_adapter: 3.1.4 (/opt/ros/humble/share/rosidl_adapter/cmake)
[1.021s] -- Found rosidl_generator_cpp: 3.1.4 (/opt/ros/humble/share/rosidl_generator_cpp/cmake)
[1.032s] -- Using all available rosidl_typesupport_c: rosidl_typesupport_fastrtps_c;rosidl_typesupport_introspection_c
[1.063s] -- Using all available rosidl_typesupport_cpp: rosidl_typesupport_fastrtps_cpp;rosidl_typesupport_introspection_cpp
[1.169s] -- Found rmw_implementation_cmake: 6.1.1 (/opt/ros/humble/share/rmw_implementation_cmake/cmake)
[1.173s] -- Found rmw_fastrtps_cpp: 6.2.2 (/opt/ros/humble/share/rmw_fastrtps_cpp/cmake)
[1.345s] -- Found OpenSSL: /usr/lib/x86_64-linux-gnu/libcrypto.so (found version "3.0.2")  
[1.379s] -- Found FastRTPS: /opt/ros/humble/include  
[1.445s] -- Using RMW implementation 'rmw_fastrtps_cpp' as default
[1.458s] -- Looking for pthread.h
[1.582s] -- Looking for pthread.h - found
[1.582s] -- Performing Test CMAKE_HAVE_LIBC_PTHREAD
[1.713s] -- Performing Test CMAKE_HAVE_LIBC_PTHREAD - Success
[1.713s] -- Found Threads: TRUE  
[1.958s] -- Found tutorial_interfaces: 0.0.0 (/home/ram-user/Desktop/rosProject/install/tutorial_interfaces/share/tutorial_interfaces/cmake)
[1.987s] -- Found ament_lint_auto: 0.12.5 (/opt/ros/humble/share/ament_lint_auto/cmake)
[2.138s] -- Added test 'cppcheck' to perform static code analysis on C / C++ code
[2.139s] -- Configured cppcheck include dirs: $<BUILD_INTERFACE:/home/ram-user/Desktop/rosProject/src/visualization_package/include>
[2.139s] -- Configured cppcheck exclude dirs and/or files: 
[2.141s] -- Added test 'lint_cmake' to check CMake code style
[2.145s] -- Added test 'uncrustify' to check C / C++ code style
[2.145s] -- Configured uncrustify additional arguments: 
[2.157s] -- Added test 'xmllint' to check XML markup files
[2.161s] -- Configuring done
[2.177s] -- Generating done
[2.180s] -- Build files have been written to: /home/ram-user/Desktop/rosProject/build/visualization_package
[2.193s] Invoked command in '/home/ram-user/Desktop/rosProject/build/visualization_package' returned '0': AMENT_PREFIX_PATH=/home/ram-user/Desktop/rosProject/install/tutorial_interfaces:${AMENT_PREFIX_PATH} CMAKE_PREFIX_PATH=/home/ram-user/Desktop/rosProject/install/tutorial_interfaces:/opt/ros/humble LD_LIBRARY_PATH=/home/ram-user/Desktop/rosProject/install/tutorial_interfaces/lib:${LD_LIBRARY_PATH} PYTHONPATH=/home/ram-user/Desktop/rosProject/install/tutorial_interfaces/local/lib/python3.10/dist-packages:${PYTHONPATH} /usr/bin/cmake /home/ram-user/Desktop/rosProject/src/visualization_package -DCMAKE_INSTALL_PREFIX=/home/ram-user/Desktop/rosProject/install/visualization_package
[2.197s] Invoking command in '/home/ram-user/Desktop/rosProject/build/visualization_package': AMENT_PREFIX_PATH=/home/ram-user/Desktop/rosProject/install/tutorial_interfaces:${AMENT_PREFIX_PATH} CMAKE_PREFIX_PATH=/home/ram-user/Desktop/rosProject/install/tutorial_interfaces:/opt/ros/humble LD_LIBRARY_PATH=/home/ram-user/Desktop/rosProject/install/tutorial_interfaces/lib:${LD_LIBRARY_PATH} PYTHONPATH=/home/ram-user/Desktop/rosProject/install/tutorial_interfaces/local/lib/python3.10/dist-packages:${PYTHONPATH} /usr/bin/cmake --build /home/ram-user/Desktop/rosProject/build/visualization_package -- -j2 -l2
[2.263s] [35m[1mConsolidate compiler generated dependencies of target visualization_package[0m
[2.293s] [ 25%] [32mBuilding CXX object CMakeFiles/visualization_package.dir/src/my_node.cpp.o[0m
[3.369s] In file included from [01m[K/home/ram-user/Desktop/rosProject/src/visualization_package/src/my_node.cpp:6[m[K:
[3.370s] [01m[K/home/ram-user/Desktop/rosProject/src/visualization_package/src/../include/Pong_field.h:8:30:[m[K [01;31m[Kerror: [m[Kin-class initialization of static data member â€˜[01m[Kconst string Pong_field::WINDOW_TITLE[m[Kâ€™ of non-literal type
[3.370s]     8 |     static const std::string [01;31m[KWINDOW_TITLE[m[K = "SDfR-CBL - Pong Game in ROS 2";
[3.370s]       |                              [01;31m[K^~~~~~~~~~~~[m[K
[3.371s] [01m[K/home/ram-user/Desktop/rosProject/src/visualization_package/src/../include/Pong_field.h:8:45:[m[K [01;31m[Kerror: [m[Ktemporary of non-literal type â€˜[01m[Kconst string[m[Kâ€™ {aka â€˜[01m[Kconst std::__cxx11::basic_string<char>[m[Kâ€™} in a constant expression
[3.371s]     8 |     static const std::string WINDOW_TITLE = [01;31m[K"SDfR-CBL - Pong Game in ROS 2"[m[K;
[3.371s]       |                                             [01;31m[K^~~~~~~~~~~~~~~~~~~~~~~~~~~~~~~[m[K
[3.372s] In file included from [01m[K/usr/include/c++/11/string:55[m[K,
[3.372s]                  from [01m[K/usr/include/c++/11/bits/locale_classes.h:40[m[K,
[3.372s]                  from [01m[K/usr/include/c++/11/bits/ios_base.h:41[m[K,
[3.372s]                  from [01m[K/usr/include/c++/11/ios:42[m[K,
[3.372s]                  from [01m[K/usr/include/c++/11/ostream:38[m[K,
[3.372s]                  from [01m[K/usr/include/c++/11/iostream:39[m[K,
[3.372s]                  from [01m[K/home/ram-user/Desktop/rosProject/src/visualization_package/src/my_node.cpp:2[m[K:
[3.372s] [01m[K/usr/include/c++/11/bits/basic_string.h:85:11:[m[K [01;36m[Knote: [m[Kâ€˜[01m[Kstd::__cxx11::basic_string<char>[m[Kâ€™ is not literal because:
[3.372s]    85 |     class [01;36m[Kbasic_string[m[K
[3.373s]       |           [01;36m[K^~~~~~~~~~~~[m[K
[3.373s] [01m[K/usr/include/c++/11/bits/basic_string.h:85:11:[m[K [01;36m[Knote: [m[K  â€˜[01m[Kstd::__cxx11::basic_string<char>[m[Kâ€™ has a non-trivial destructor
[14.098s] gmake[2]: *** [CMakeFiles/visualization_package.dir/build.make:76: CMakeFiles/visualization_package.dir/src/my_node.cpp.o] Error 1
[14.104s] gmake[1]: *** [CMakeFiles/Makefile2:137: CMakeFiles/visualization_package.dir/all] Error 2
[14.104s] gmake: *** [Makefile:146: all] Error 2
[14.107s] Invoked command in '/home/ram-user/Desktop/rosProject/build/visualization_package' returned '2': AMENT_PREFIX_PATH=/home/ram-user/Desktop/rosProject/install/tutorial_interfaces:${AMENT_PREFIX_PATH} CMAKE_PREFIX_PATH=/home/ram-user/Desktop/rosProject/install/tutorial_interfaces:/opt/ros/humble LD_LIBRARY_PATH=/home/ram-user/Desktop/rosProject/install/tutorial_interfaces/lib:${LD_LIBRARY_PATH} PYTHONPATH=/home/ram-user/Desktop/rosProject/install/tutorial_interfaces/local/lib/python3.10/dist-packages:${PYTHONPATH} /usr/bin/cmake --build /home/ram-user/Desktop/rosProject/build/visualization_package -- -j2 -l2
