[0.040s] Invoking command in '/home/ram-user/Desktop/rosProject/build/visualization_package': AMENT_PREFIX_PATH=/home/ram-user/Desktop/rosProject/install/tutorial_interfaces:${AMENT_PREFIX_PATH} CMAKE_PREFIX_PATH=/home/ram-user/Desktop/rosProject/install/tutorial_interfaces:/opt/ros/humble LD_LIBRARY_PATH=/home/ram-user/Desktop/rosProject/install/tutorial_interfaces/lib:${LD_LIBRARY_PATH} PYTHONPATH=/home/ram-user/Desktop/rosProject/install/tutorial_interfaces/local/lib/python3.10/dist-packages:${PYTHONPATH} /usr/bin/cmake --build /home/ram-user/Desktop/rosProject/build/visualization_package -- -j2 -l2
[0.154s] [ 25%] [32mBuilding CXX object CMakeFiles/visualization_package.dir/src/my_node.cpp.o[0m
[0.163s] [ 50%] [32mBuilding CXX object CMakeFiles/visualization_package.dir/src/SDL2_UI.cpp.o[0m
[1.349s] [01m[K/home/ram-user/Desktop/rosProject/src/visualization_package/src/SDL2_UI.cpp:39:1:[m[K [01;31m[Kerror: [m[Kexpected declaration before â€˜[01m[K}[m[Kâ€™ token
[1.351s]    39 | [01;31m[K}[m[K
[1.351s]       | [01;31m[K^[m[K
[1.418s] In file included from [01m[K/home/ram-user/Desktop/rosProject/src/visualization_package/src/my_node.cpp:6[m[K:
[1.418s] [01m[K/home/ram-user/Desktop/rosProject/src/visualization_package/src/../include/Pong_field.h:8:30:[m[K [01;31m[Kerror: [m[Kin-class initialization of static data member â€˜[01m[Kconst string Pong_field::WINDOW_TITLE[m[Kâ€™ of non-literal type
[1.419s]     8 |     static const std::string [01;31m[KWINDOW_TITLE[m[K = "SDfR-CBL - Pong Game in ROS 2";
[1.419s]       |                              [01;31m[K^~~~~~~~~~~~[m[K
[1.419s] [01m[K/home/ram-user/Desktop/rosProject/src/visualization_package/src/../include/Pong_field.h:8:45:[m[K [01;31m[Kerror: [m[Ktemporary of non-literal type â€˜[01m[Kconst string[m[Kâ€™ {aka â€˜[01m[Kconst std::__cxx11::basic_string<char>[m[Kâ€™} in a constant expression
[1.420s]     8 |     static const std::string WINDOW_TITLE = [01;31m[K"SDfR-CBL - Pong Game in ROS 2"[m[K;
[1.420s]       |                                             [01;31m[K^~~~~~~~~~~~~~~~~~~~~~~~~~~~~~~[m[K
[1.420s] In file included from [01m[K/usr/include/c++/11/string:55[m[K,
[1.420s]                  from [01m[K/usr/include/c++/11/bits/locale_classes.h:40[m[K,
[1.420s]                  from [01m[K/usr/include/c++/11/bits/ios_base.h:41[m[K,
[1.421s]                  from [01m[K/usr/include/c++/11/ios:42[m[K,
[1.421s]                  from [01m[K/usr/include/c++/11/ostream:38[m[K,
[1.421s]                  from [01m[K/usr/include/c++/11/iostream:39[m[K,
[1.421s]                  from [01m[K/home/ram-user/Desktop/rosProject/src/visualization_package/src/my_node.cpp:2[m[K:
[1.421s] [01m[K/usr/include/c++/11/bits/basic_string.h:85:11:[m[K [01;36m[Knote: [m[Kâ€˜[01m[Kstd::__cxx11::basic_string<char>[m[Kâ€™ is not literal because:
[1.422s]    85 |     class [01;36m[Kbasic_string[m[K
[1.422s]       |           [01;36m[K^~~~~~~~~~~~[m[K
[1.422s] [01m[K/usr/include/c++/11/bits/basic_string.h:85:11:[m[K [01;36m[Knote: [m[K  â€˜[01m[Kstd::__cxx11::basic_string<char>[m[Kâ€™ has a non-trivial destructor
[1.492s] gmake[2]: *** [CMakeFiles/visualization_package.dir/build.make:90: CMakeFiles/visualization_package.dir/src/SDL2_UI.cpp.o] Error 1
[1.492s] gmake[2]: *** Waiting for unfinished jobs....
[12.095s] gmake[2]: *** [CMakeFiles/visualization_package.dir/build.make:76: CMakeFiles/visualization_package.dir/src/my_node.cpp.o] Error 1
[12.099s] gmake[1]: *** [CMakeFiles/Makefile2:137: CMakeFiles/visualization_package.dir/all] Error 2
[12.099s] gmake: *** [Makefile:146: all] Error 2
[12.108s] Invoked command in '/home/ram-user/Desktop/rosProject/build/visualization_package' returned '2': AMENT_PREFIX_PATH=/home/ram-user/Desktop/rosProject/install/tutorial_interfaces:${AMENT_PREFIX_PATH} CMAKE_PREFIX_PATH=/home/ram-user/Desktop/rosProject/install/tutorial_interfaces:/opt/ros/humble LD_LIBRARY_PATH=/home/ram-user/Desktop/rosProject/install/tutorial_interfaces/lib:${LD_LIBRARY_PATH} PYTHONPATH=/home/ram-user/Desktop/rosProject/install/tutorial_interfaces/local/lib/python3.10/dist-packages:${PYTHONPATH} /usr/bin/cmake --build /home/ram-user/Desktop/rosProject/build/visualization_package -- -j2 -l2
